Server is running...
[0mGET /?rank=primary [32m200 [0m56.851 ms - 36958[0m
[0mPOST /listening-task [32m200 [0m41.761 ms - 11[0m
[0mPOST /cate-post-count [32m200 [0m67.772 ms - 77[0m
[0mPOST /top-suggestion [32m200 [0m63.185 ms - 2962[0m
[0mGET /OneSignalSDKWorker.js?appId=efa501b3-8346-4a6f-a6d8-2015fdb115b6 [32m200 [0m0.935 ms - 71[0m
[0mGET /OneSignalSDKWorker.js?appId=efa501b3-8346-4a6f-a6d8-2015fdb115b6 [32m200 [0m1.668 ms - 71[0m
[0mGET /?rank=primary [32m200 [0m20.983 ms - 36958[0m
[0mPOST /userinfo [0m- [0m- ms - -[0m
[0mPOST /listening-task [32m200 [0m33.159 ms - 11[0m
[0mPOST /cate-post-count [32m200 [0m71.149 ms - 77[0m
[0mPOST /top-suggestion [32m200 [0m241.606 ms - 3036[0m
[0mGET /OneSignalSDKWorker.js?appId=efa501b3-8346-4a6f-a6d8-2015fdb115b6 [32m200 [0m2.379 ms - 71[0m
[0mGET /OneSignalSDKWorker.js?appId=efa501b3-8346-4a6f-a6d8-2015fdb115b6 [32m200 [0m2.249 ms - 71[0m
[0mPOST /listening-task [32m200 [0m4.414 ms - 11[0m
[0mPOST /userinfo [0m- [0m- ms - -[0m
[0mGET / [36m302 [0m485.855 ms - 72[0m
[0mGET / [36m302 [0m1.401 ms - 72[0m
[0mGET /?rank=primary [32m200 [0m31.785 ms - 36958[0m
[0mGET /?rank=primary [32m200 [0m13.452 ms - 36958[0m
[0mPOST /listening-task [32m200 [0m17.429 ms - 11[0m
[0mPOST /cate-post-count [32m200 [0m48.642 ms - 77[0m
[0mPOST /top-suggestion [32m200 [0m55.044 ms - 2962[0m
[0mGET /OneSignalSDKWorker.js?appId=efa501b3-8346-4a6f-a6d8-2015fdb115b6 [32m200 [0m2.620 ms - 71[0m
[0mGET /OneSignalSDKWorker.js?appId=efa501b3-8346-4a6f-a6d8-2015fdb115b6 [32m200 [0m1.027 ms - 71[0m
[0mGET /competition?rank=primary [32m200 [0m53.134 ms - 30955[0m
[0mPOST /cate-post-count [32m200 [0m15.393 ms - 77[0m
[0mGET /fame [32m200 [0m1189.244 ms - 42141[0m
[0mPOST /listening-task [32m200 [0m7.101 ms - 11[0m
[0mPOST /listening-task [32m200 [0m4.564 ms - 11[0m
[0mPOST /listening-task [32m200 [0m4.147 ms - 11[0m
[0mPOST /listening-task [32m200 [0m2.576 ms - 11[0m
[0mPOST /listening-task [32m200 [0m3.940 ms - 11[0m
[0mPOST /listening-task [32m200 [0m6.173 ms - 11[0m
[0mPOST /listening-task [32m200 [0m1.592 ms - 11[0m
[0mPOST /listening-task [32m200 [0m9.850 ms - 11[0m
[0mPOST /listening-task [32m200 [0m1.752 ms - 11[0m
[0mPOST /listening-task [32m200 [0m2.267 ms - 11[0m
[0mPOST /listening-task [32m200 [0m4.897 ms - 11[0m
[0mPOST /listening-task [32m200 [0m1.670 ms - 11[0m
[0mPOST /listening-task [32m200 [0m2.502 ms - 11[0m
[0mPOST /listening-task [32m200 [0m3.557 ms - 11[0m
[0mPOST /listening-task [32m200 [0m8.111 ms - 11[0m
[0mPOST /listening-task [32m200 [0m2.113 ms - 11[0m
[0mPOST /listening-task [32m200 [0m3.705 ms - 11[0m
[0mPOST /listening-task [32m200 [0m2.151 ms - 11[0m
[0mPOST /listening-task [32m200 [0m4.646 ms - 11[0m
[0mPOST /listening-task [32m200 [0m1.896 ms - 11[0m
[0mPOST /listening-task [32m200 [0m3.180 ms - 11[0m
[0mPOST /listening-task [32m200 [0m4.751 ms - 11[0m
[0mPOST /listening-task [32m200 [0m1.624 ms - 11[0m
[0mPOST /listening-task [32m200 [0m2.696 ms - 11[0m
[0mPOST /listening-task [32m200 [0m4.471 ms - 11[0m
[0mPOST /listening-task [32m200 [0m3.993 ms - 11[0m
[0mPOST /listening-task [32m200 [0m2.718 ms - 11[0m
[0mPOST /listening-task [32m200 [0m6.982 ms - 11[0m
[0mPOST /listening-task [32m200 [0m1.637 ms - 11[0m
[0mPOST /listening-task [32m200 [0m1.680 ms - 11[0m
[0mPOST /listening-task [32m200 [0m20.160 ms - 11[0m
[0mPOST /listening-task [32m200 [0m2.327 ms - 11[0m
[0mPOST /listening-task [32m200 [0m1.582 ms - 11[0m
[0mPOST /listening-task [32m200 [0m3.731 ms - 11[0m
[0mPOST /listening-task [32m200 [0m2.066 ms - 11[0m
[0mPOST /userinfo [0m- [0m- ms - -[0m
